RUN	dockerregistry.advanced.AdvancedSimulationStep05	advancedsimulationstep05	1583660400234	 	3.3.1
USER	Admins	4	START	1583660400457	1583660400457
USER	Users	1	START	1583660400454	1583660400454
USER	Users	2	START	1583660401471	1583660401471
USER	Users	3	START	1583660402470	1583660402470
USER	Users	5	START	1583660403461	1583660403461
USER	Users	6	START	1583660404461	1583660404461
USER	Users	7	START	1583660405460	1583660405460
USER	Admins	8	START	1583660405460	1583660405460
REQUEST	3		Home	1583660402471	1583660406332	OK	 
REQUEST	5		Home	1583660403462	1583660406331	OK	 
REQUEST	2		Home	1583660401472	1583660406345	OK	 
REQUEST	7		Home	1583660405461	1583660406349	OK	 
REQUEST	8		Home	1583660405461	1583660406350	OK	 
REQUEST	6		Home	1583660404461	1583660406357	OK	 
REQUEST	4		Home	1583660400486	1583660406357	OK	 
REQUEST	1		Home	1583660400486	1583660406369	OK	 
USER	Users	9	START	1583660406462	1583660406462
REQUEST	3		Home Redirect 1	1583660406341	1583660406699	OK	 
REQUEST	5		Home Redirect 1	1583660406341	1583660406696	OK	 
REQUEST	2		Home Redirect 1	1583660406346	1583660406698	OK	 
REQUEST	7		Home Redirect 1	1583660406350	1583660406701	OK	 
REQUEST	8		Home Redirect 1	1583660406351	1583660406703	OK	 
REQUEST	4		Home Redirect 1	1583660406358	1583660406710	OK	 
REQUEST	6		Home Redirect 1	1583660406357	1583660406711	OK	 
REQUEST	1		Home Redirect 1	1583660406370	1583660406718	OK	 
REQUEST	9		Home	1583660406463	1583660407176	OK	 
USER	Users	10	START	1583660407462	1583660407462
REQUEST	9		Home Redirect 1	1583660407177	1583660407533	OK	 
REQUEST	3		Search	1583660407722	1583660408083	OK	 
REQUEST	6		Search	1583660407734	1583660408090	OK	 
REQUEST	7		Search	1583660407721	1583660408072	OK	 
REQUEST	8		Search	1583660407721	1583660408077	OK	 
REQUEST	2		Search	1583660407721	1583660408077	OK	 
REQUEST	5		Search	1583660407720	1583660408073	OK	 
REQUEST	1		Search	1583660407735	1583660408084	OK	 
REQUEST	4		Search	1583660407734	1583660408091	OK	 
REQUEST	10		Home	1583660407463	1583660408168	OK	 
USER	Users	11	START	1583660408463	1583660408463
REQUEST	10		Home Redirect 1	1583660408169	1583660408519	OK	 
REQUEST	9		Search	1583660408555	1583660408911	OK	 
REQUEST	11		Home	1583660408464	1583660409182	OK	 
USER	Users	12	START	1583660409463	1583660409463
REQUEST	8		Select	1583660409084	1583660409476	OK	 
REQUEST	2		Select	1583660409084	1583660409475	OK	 
REQUEST	4		Select	1583660409092	1583660409476	OK	 
REQUEST	6		Select	1583660409092	1583660409476	OK	 
REQUEST	5		Select	1583660409084	1583660409475	OK	 
REQUEST	1		Select	1583660409092	1583660409477	OK	 
REQUEST	7		Select	1583660409084	1583660409476	OK	 
REQUEST	3		Select	1583660409092	1583660409477	OK	 
REQUEST	11		Home Redirect 1	1583660409184	1583660409539	OK	 
REQUEST	10		Search	1583660409531	1583660409881	OK	 
REQUEST	9		Select	1583660409912	1583660410331	OK	 
REQUEST	11		Search	1583660410551	1583660410907	OK	 
REQUEST	10		Select	1583660410892	1583660411242	OK	 
REQUEST	5		Page 0	1583660410998	1583660411351	OK	 
REQUEST	7		Page 0	1583660410998	1583660411351	OK	 
REQUEST	8		Page 0	1583660410998	1583660411353	OK	 
REQUEST	6		Page 0	1583660410998	1583660411354	OK	 
REQUEST	12		Home	1583660409464	1583660411442	OK	 
REQUEST	9		Page 0	1583660411336	1583660411692	OK	 
REQUEST	12		Home Redirect 1	1583660411443	1583660411797	OK	 
REQUEST	2		Page 0	1583660411485	1583660411840	OK	 
REQUEST	4		Page 0	1583660411485	1583660411840	OK	 
REQUEST	1		Page 0	1583660411485	1583660411841	OK	 
REQUEST	3		Page 0	1583660411485	1583660411845	OK	 
REQUEST	11		Select	1583660411911	1583660412267	OK	 
REQUEST	10		Page 0	1583660412252	1583660412609	OK	 
REQUEST	5		Page 1	1583660412352	1583660412704	OK	 
REQUEST	8		Page 1	1583660412362	1583660412723	OK	 
REQUEST	6		Page 1	1583660412362	1583660412723	OK	 
REQUEST	7		Page 1	1583660412362	1583660412727	OK	 
REQUEST	9		Page 1	1583660412701	1583660413059	OK	 
REQUEST	12		Search	1583660412812	1583660413165	OK	 
REQUEST	2		Page 1	1583660412832	1583660413184	OK	 
REQUEST	4		Page 1	1583660412842	1583660413196	OK	 
REQUEST	3		Page 1	1583660412841	1583660413200	OK	 
REQUEST	1		Page 1	1583660412852	1583660413201	OK	 
REQUEST	11		Page 0	1583660413284	1583660413640	OK	 
REQUEST	10		Page 1	1583660413611	1583660414018	OK	 
REQUEST	5		Page 2	1583660413701	1583660414066	OK	 
REQUEST	8		Page 2	1583660413723	1583660414084	OK	 
REQUEST	7		Page 2	1583660413723	1583660414084	OK	 
REQUEST	6		Page 2	1583660413723	1583660414085	OK	 
REQUEST	9		Page 2	1583660414053	1583660414409	OK	 
REQUEST	12		Select	1583660414172	1583660414526	OK	 
REQUEST	1		Page 2	1583660414192	1583660414541	OK	 
REQUEST	2		Page 2	1583660414192	1583660414544	OK	 
REQUEST	4		Page 2	1583660414202	1583660414556	OK	 
REQUEST	3		Page 2	1583660414202	1583660414562	OK	 
REQUEST	11		Page 1	1583660414642	1583660415023	OK	 
REQUEST	10		Page 2	1583660415013	1583660415424	OK	 
REQUEST	5		Page 3	1583660415063	1583660415425	OK	 
REQUEST	8		Page 3	1583660415084	1583660415439	OK	 
REQUEST	7		Page 3	1583660415084	1583660415439	OK	 
REQUEST	6		Page 3	1583660415084	1583660415440	OK	 
REQUEST	9		Page 3	1583660415413	1583660415860	OK	 
REQUEST	12		Page 0	1583660415534	1583660415886	OK	 
REQUEST	1		Page 3	1583660415541	1583660415890	OK	 
REQUEST	2		Page 3	1583660415541	1583660415893	OK	 
REQUEST	4		Page 3	1583660415553	1583660415905	OK	 
REQUEST	3		Page 3	1583660415562	1583660415919	OK	 
USER	Users	5	END	1583660403461	1583660416435
USER	Users	6	END	1583660404461	1583660416435
USER	Users	7	END	1583660405460	1583660416442
REQUEST	11		Page 2	1583660416022	1583660416442	OK	 
REQUEST	10		Page 3	1583660416432	1583660416788	OK	 
REQUEST	8		Form	1583660416433	1583660416794	OK	 
USER	Users	9	END	1583660406462	1583660416861
USER	Users	1	END	1583660400454	1583660416892
USER	Users	2	END	1583660401471	1583660416903
USER	Users	3	END	1583660402470	1583660416911
REQUEST	12		Page 1	1583660416892	1583660417245	OK	 
REQUEST	4		Form	1583660416903	1583660417255	OK	 
USER	Users	10	END	1583660407462	1583660417781
REQUEST	11		Page 3	1583660417441	1583660417796	OK	 
REQUEST	8		Post	1583660417807	1583660418216	OK	 
REQUEST	12		Page 2	1583660418242	1583660418625	OK	 
REQUEST	4		Post	1583660418251	1583660418625	OK	 
REQUEST	8		Post Redirect 1	1583660418223	1583660418625	OK	 
USER	Admins	8	END	1583660405460	1583660418628
USER	Users	11	END	1583660408463	1583660418791
REQUEST	4		Post Redirect 1	1583660418626	1583660418982	KO	status.find.is(201), but actually found 200
REQUEST	4		Form	1583660418986	1583660419339	OK	 
REQUEST	12		Page 3	1583660419632	1583660420058	OK	 
REQUEST	4		Post	1583660420344	1583660420705	OK	 
USER	Users	12	END	1583660409463	1583660421054
REQUEST	4		Post Redirect 1	1583660420705	1583660421064	OK	 
USER	Admins	4	END	1583660400457	1583660421065
