RUN	dockerregistry.advanced.AdvancedSimulationStep05	advancedsimulationstep05	1583660105899	 	3.3.1
USER	Users	1	START	1583660106151	1583660106151
USER	Admins	4	START	1583660106153	1583660106153
USER	Users	2	START	1583660107169	1583660107169
USER	Users	3	START	1583660108169	1583660108169
USER	Users	5	START	1583660109168	1583660109168
USER	Users	6	START	1583660110171	1583660110171
USER	Users	7	START	1583660111168	1583660111168
USER	Admins	8	START	1583660111168	1583660111168
USER	Users	9	START	1583660112170	1583660112170
REQUEST	6		Home	1583660110172	1583660112423	OK	 
REQUEST	5		Home	1583660109169	1583660112425	OK	 
REQUEST	8		Home	1583660111169	1583660112422	OK	 
REQUEST	2		Home	1583660107170	1583660112422	OK	 
REQUEST	3		Home	1583660108169	1583660112422	OK	 
REQUEST	4		Home	1583660106172	1583660112433	OK	 
REQUEST	1		Home	1583660106172	1583660112424	OK	 
REQUEST	7		Home	1583660111169	1583660112422	OK	 
REQUEST	9		Home	1583660112170	1583660113062	OK	 
REQUEST	5		Home Redirect 1	1583660112434	1583660113063	OK	 
REQUEST	8		Home Redirect 1	1583660112434	1583660113063	OK	 
REQUEST	1		Home Redirect 1	1583660112434	1583660113063	OK	 
REQUEST	6		Home Redirect 1	1583660112434	1583660113063	OK	 
REQUEST	3		Home Redirect 1	1583660112434	1583660113063	OK	 
REQUEST	4		Home Redirect 1	1583660112434	1583660113063	OK	 
REQUEST	7		Home Redirect 1	1583660112434	1583660113063	OK	 
REQUEST	2		Home Redirect 1	1583660112434	1583660113063	OK	 
USER	Users	10	START	1583660113169	1583660113169
REQUEST	9		Home Redirect 1	1583660113063	1583660113420	OK	 
REQUEST	10		Home	1583660113170	1583660113867	OK	 
USER	Users	11	START	1583660114168	1583660114168
REQUEST	10		Home Redirect 1	1583660113868	1583660114217	OK	 
REQUEST	3		Search	1583660114100	1583660114461	OK	 
REQUEST	8		Search	1583660114099	1583660114462	OK	 
REQUEST	4		Search	1583660114099	1583660114455	OK	 
REQUEST	2		Search	1583660114099	1583660114462	OK	 
REQUEST	5		Search	1583660114098	1583660114460	OK	 
REQUEST	1		Search	1583660114100	1583660114460	OK	 
REQUEST	7		Search	1583660114098	1583660114458	OK	 
REQUEST	6		Search	1583660114098	1583660114457	OK	 
REQUEST	9		Search	1583660114441	1583660114803	OK	 
REQUEST	11		Home	1583660114168	1583660114876	OK	 
USER	Users	12	START	1583660115170	1583660115170
REQUEST	11		Home Redirect 1	1583660114877	1583660115231	OK	 
REQUEST	10		Search	1583660115228	1583660115578	OK	 
REQUEST	1		Select	1583660115451	1583660115809	OK	 
REQUEST	7		Select	1583660115451	1583660115811	OK	 
REQUEST	4		Select	1583660115451	1583660115811	OK	 
REQUEST	6		Select	1583660115451	1583660115813	OK	 
REQUEST	5		Select	1583660115451	1583660115813	OK	 
REQUEST	2		Select	1583660115461	1583660115814	OK	 
REQUEST	3		Select	1583660115461	1583660115816	OK	 
REQUEST	8		Select	1583660115461	1583660115818	OK	 
REQUEST	12		Home	1583660115171	1583660115892	OK	 
REQUEST	9		Select	1583660115800	1583660116229	OK	 
REQUEST	12		Home Redirect 1	1583660115893	1583660116258	OK	 
REQUEST	11		Search	1583660116248	1583660116603	OK	 
REQUEST	10		Select	1583660116589	1583660116940	OK	 
REQUEST	2		Page 0	1583660116812	1583660117249	OK	 
REQUEST	8		Page 0	1583660116812	1583660117250	OK	 
REQUEST	3		Page 0	1583660116812	1583660117250	OK	 
REQUEST	6		Page 0	1583660116812	1583660117250	OK	 
REQUEST	7		Page 0	1583660116821	1583660117250	OK	 
REQUEST	1		Page 0	1583660116821	1583660117252	OK	 
REQUEST	4		Page 0	1583660116812	1583660117252	OK	 
REQUEST	5		Page 0	1583660116821	1583660117252	OK	 
REQUEST	9		Page 0	1583660117239	1583660117609	OK	 
REQUEST	12		Search	1583660117280	1583660117639	OK	 
REQUEST	11		Select	1583660117599	1583660117963	OK	 
REQUEST	10		Page 0	1583660117939	1583660118289	OK	 
REQUEST	7		Page 1	1583660118239	1583660118588	OK	 
REQUEST	1		Page 1	1583660118239	1583660118594	OK	 
REQUEST	2		Page 1	1583660118249	1583660118601	OK	 
REQUEST	4		Page 1	1583660118249	1583660118603	OK	 
REQUEST	5		Page 1	1583660118249	1583660118605	OK	 
REQUEST	3		Page 1	1583660118259	1583660118611	OK	 
REQUEST	6		Page 1	1583660118259	1583660118613	OK	 
REQUEST	8		Page 1	1583660118259	1583660118615	OK	 
REQUEST	9		Page 1	1583660118611	1583660118979	OK	 
REQUEST	12		Select	1583660118638	1583660119000	OK	 
REQUEST	11		Page 0	1583660118969	1583660119332	OK	 
REQUEST	10		Page 1	1583660119290	1583660119646	OK	 
REQUEST	7		Page 2	1583660119601	1583660119990	OK	 
REQUEST	2		Page 2	1583660119610	1583660119990	OK	 
REQUEST	1		Page 2	1583660119601	1583660119990	OK	 
REQUEST	8		Page 2	1583660119610	1583660119991	OK	 
REQUEST	4		Page 2	1583660119610	1583660119991	OK	 
REQUEST	3		Page 2	1583660119610	1583660119991	OK	 
REQUEST	5		Page 2	1583660119601	1583660119992	OK	 
REQUEST	6		Page 2	1583660119610	1583660119992	OK	 
REQUEST	9		Page 2	1583660119979	1583660120341	OK	 
REQUEST	12		Page 0	1583660119999	1583660120357	OK	 
REQUEST	11		Page 1	1583660120340	1583660120695	OK	 
REQUEST	10		Page 2	1583660120641	1583660120991	OK	 
REQUEST	7		Page 3	1583660120979	1583660121328	OK	 
REQUEST	2		Page 3	1583660120992	1583660121346	OK	 
REQUEST	3		Page 3	1583660120992	1583660121347	OK	 
REQUEST	4		Page 3	1583660120992	1583660121349	OK	 
REQUEST	6		Page 3	1583660120992	1583660121352	OK	 
REQUEST	1		Page 3	1583660120992	1583660121354	OK	 
REQUEST	8		Page 3	1583660121000	1583660121356	OK	 
REQUEST	5		Page 3	1583660121000	1583660121357	OK	 
REQUEST	9		Page 3	1583660121339	1583660121694	OK	 
REQUEST	12		Page 1	1583660121359	1583660121717	OK	 
REQUEST	11		Page 2	1583660121691	1583660122046	OK	 
USER	Users	7	END	1583660111168	1583660122333
USER	Users	3	END	1583660108169	1583660122339
USER	Users	2	END	1583660107169	1583660122339
REQUEST	10		Page 3	1583660121999	1583660122348	OK	 
USER	Users	1	END	1583660106151	1583660122349
USER	Users	5	END	1583660109168	1583660122349
USER	Users	6	END	1583660110171	1583660122360
USER	Users	9	END	1583660112170	1583660122689
REQUEST	4		Form	1583660122340	1583660122699	OK	 
REQUEST	8		Form	1583660122349	1583660122706	OK	 
REQUEST	12		Page 2	1583660122720	1583660123081	OK	 
USER	Users	10	END	1583660113169	1583660123339
REQUEST	11		Page 3	1583660123050	1583660123411	OK	 
REQUEST	4		Post	1583660123715	1583660124090	OK	 
REQUEST	8		Post	1583660123715	1583660124090	OK	 
USER	Users	11	END	1583660114168	1583660124409
REQUEST	12		Page 3	1583660124079	1583660124445	OK	 
REQUEST	8		Post Redirect 1	1583660124108	1583660124468	OK	 
REQUEST	4		Post Redirect 1	1583660124108	1583660124468	KO	status.find.is(201), but actually found 200
USER	Admins	8	END	1583660111168	1583660124471
REQUEST	4		Form	1583660124474	1583660124826	OK	 
USER	Users	12	END	1583660115170	1583660125449
REQUEST	4		Post	1583660125820	1583660126270	OK	 
REQUEST	4		Post Redirect 1	1583660126271	1583660126680	OK	 
USER	Admins	4	END	1583660106153	1583660126681
