RUN	dockerregistry.BasicSimulation	basicsimulation	1583563591309	 	3.3.1
USER	Scenario Name	9	START	1583563593547	1583563593547
USER	Scenario Name	8	START	1583563593547	1583563593547
USER	Scenario Name	5	START	1583563593546	1583563593546
USER	Scenario Name	10	START	1583563593547	1583563593547
USER	Scenario Name	6	START	1583563593547	1583563593547
USER	Scenario Name	7	START	1583563593547	1583563593547
USER	Scenario Name	4	START	1583563593546	1583563593546
USER	Scenario Name	1	START	1583563593546	1583563593546
USER	Scenario Name	3	START	1583563593546	1583563593546
USER	Scenario Name	2	START	1583563593546	1583563593546
REQUEST	1		request_1	1583563593584	1583563598057	OK	 
REQUEST	2		request_1	1583563593584	1583563598057	OK	 
REQUEST	6		request_1	1583563593584	1583563598057	OK	 
REQUEST	5		request_1	1583563593584	1583563598057	OK	 
REQUEST	8		request_1	1583563593584	1583563598057	OK	 
REQUEST	9		request_1	1583563593584	1583563598068	OK	 
REQUEST	3		request_1	1583563593584	1583563598057	OK	 
REQUEST	4		request_1	1583563593584	1583563598057	OK	 
REQUEST	10		request_1	1583563593584	1583563598057	OK	 
REQUEST	7		request_1	1583563593584	1583563598870	OK	 
REQUEST	1		request_2	1583563605087	1583563605348	OK	 
REQUEST	6		request_2	1583563605087	1583563605348	OK	 
REQUEST	3		request_2	1583563605087	1583563605348	OK	 
REQUEST	10		request_2	1583563605087	1583563605346	OK	 
REQUEST	4		request_2	1583563605087	1583563605352	OK	 
REQUEST	9		request_2	1583563605092	1583563605353	OK	 
REQUEST	2		request_2	1583563605087	1583563605354	OK	 
REQUEST	8		request_2	1583563605087	1583563605355	OK	 
REQUEST	5		request_2	1583563605087	1583563605385	OK	 
REQUEST	6		request_2 Redirect 1	1583563605352	1583563605621	OK	 
REQUEST	2		request_2 Redirect 1	1583563605355	1583563605622	OK	 
REQUEST	10		request_2 Redirect 1	1583563605352	1583563605624	OK	 
REQUEST	1		request_2 Redirect 1	1583563605352	1583563605635	OK	 
REQUEST	4		request_2 Redirect 1	1583563605353	1583563605635	OK	 
REQUEST	3		request_2 Redirect 1	1583563605352	1583563605640	OK	 
REQUEST	8		request_2 Redirect 1	1583563605356	1583563605644	OK	 
REQUEST	9		request_2 Redirect 1	1583563605354	1583563605645	OK	 
REQUEST	5		request_2 Redirect 1	1583563605386	1583563605653	OK	 
REQUEST	7		request_2	1583563605884	1583563606146	OK	 
REQUEST	7		request_2 Redirect 1	1583563606148	1583563606418	OK	 
REQUEST	6		request_3	1583563607613	1583563607870	OK	 
REQUEST	10		request_3	1583563607623	1583563607886	OK	 
REQUEST	2		request_3	1583563607623	1583563607887	OK	 
REQUEST	3		request_3	1583563607634	1583563607891	OK	 
REQUEST	1		request_3	1583563607634	1583563607893	OK	 
REQUEST	4		request_3	1583563607634	1583563607896	OK	 
REQUEST	9		request_3	1583563607644	1583563607900	OK	 
REQUEST	8		request_3	1583563607644	1583563607900	OK	 
REQUEST	5		request_3	1583563607644	1583563607902	OK	 
REQUEST	6		request_3 Redirect 1	1583563607871	1583563608138	OK	 
REQUEST	3		request_3 Redirect 1	1583563607892	1583563608165	OK	 
REQUEST	1		request_3 Redirect 1	1583563607893	1583563608167	OK	 
REQUEST	8		request_3 Redirect 1	1583563607901	1583563608167	OK	 
REQUEST	10		request_3 Redirect 1	1583563607888	1583563608168	OK	 
REQUEST	2		request_3 Redirect 1	1583563607888	1583563608168	OK	 
REQUEST	9		request_3 Redirect 1	1583563607901	1583563608169	OK	 
REQUEST	4		request_3 Redirect 1	1583563607896	1583563608175	OK	 
REQUEST	5		request_3 Redirect 1	1583563607902	1583563608181	OK	 
REQUEST	7		request_3	1583563608423	1583563608682	OK	 
REQUEST	7		request_3 Redirect 1	1583563608683	1583563608953	OK	 
REQUEST	6		request_4	1583563611144	1583563611411	OK	 
REQUEST	10		request_4	1583563611163	1583563611421	OK	 
REQUEST	2		request_4	1583563611163	1583563611422	OK	 
REQUEST	1		request_4	1583563611163	1583563611423	OK	 
REQUEST	8		request_4	1583563611163	1583563611424	OK	 
REQUEST	3		request_4	1583563611172	1583563611430	OK	 
REQUEST	4		request_4	1583563611172	1583563611430	OK	 
REQUEST	9		request_4	1583563611172	1583563611432	OK	 
REQUEST	5		request_4	1583563611182	1583563611439	OK	 
REQUEST	6		request_4 Redirect 1	1583563611412	1583563611678	OK	 
USER	Scenario Name	6	END	1583563593547	1583563611683
REQUEST	10		request_4 Redirect 1	1583563611422	1583563611688	OK	 
REQUEST	1		request_4 Redirect 1	1583563611423	1583563611688	OK	 
USER	Scenario Name	1	END	1583563593546	1583563611689
USER	Scenario Name	10	END	1583563593547	1583563611689
REQUEST	3		request_4 Redirect 1	1583563611431	1583563611697	OK	 
USER	Scenario Name	3	END	1583563593546	1583563611698
REQUEST	4		request_4 Redirect 1	1583563611431	1583563611705	OK	 
USER	Scenario Name	4	END	1583563593546	1583563611706
REQUEST	5		request_4 Redirect 1	1583563611440	1583563611707	OK	 
USER	Scenario Name	5	END	1583563593546	1583563611708
REQUEST	2		request_4 Redirect 1	1583563611423	1583563611719	OK	 
USER	Scenario Name	2	END	1583563593546	1583563611720
REQUEST	8		request_4 Redirect 1	1583563611425	1583563611720	OK	 
USER	Scenario Name	8	END	1583563593547	1583563611721
REQUEST	9		request_4 Redirect 1	1583563611432	1583563611721	OK	 
USER	Scenario Name	9	END	1583563593547	1583563611721
REQUEST	7		request_4	1583563611964	1583563612409	OK	 
REQUEST	7		request_4 Redirect 1	1583563612410	1583563612677	OK	 
USER	Scenario Name	7	END	1583563593547	1583563612678
